2024-08-07T22:40:01,FED-CIV-hxm-usdod,PROD,3,190665356076.dkr.ecr.us-gov-west-1.amazonaws.com/bizx-sidecars/cockpit-cacheprovisioning-kube-adapter:0.1.6,190665356076.dkr.ecr.us-gov-west-1.amazonaws.com/bizx-sidecars/cockpit-cacheprovisioning-kube-adapter@sha256:4c06cbabfedf2d5686603332646c322082076d62659fd4e26a70d60e99fdb0c82024-08-07T22:40:01,FED-CIV-hxm-usdod,PROD,61,190665356076.dkr.ecr.us-gov-west-1.amazonaws.com/bizx-sidecars/janitor:0.1.3,190665356076.dkr.ecr.us-gov-west-1.amazonaws.com/bizx-sidecars/janitor@sha256:69554eaceec7e562e5c916133a1e6ae1ffee28707a5e7ddb61ff33356881dab3
2024-08-07T22:40:01,FED-CIV-hxm-usdod,PROD,52,190665356076.dkr.ecr.us-gov-west-1.amazonaws.com/bizx-sidecars/jmx-exporter:0.17.0,190665356076.dkr.ecr.us-gov-west-1.amazonaws.com/bizx-sidecars/jmx-exporter@sha256:2574d1a3e65d111c244e06721bbab639dd54c41fb25da70509bb7bcd2b1565de
2024-08-07T22:40:01,FED-CIV-hxm-usdod,PROD,5,190665356076.dkr.ecr.us-gov-west-1.amazonaws.com/bizx-sidecars/libreoffice:7.2.3-2,190665356076.dkr.ecr.us-gov-west-1.amazonaws.com/bizx-sidecars/libreoffice@sha256:6a16193845f8b51bea3ce1d09b14ea549648148d628c209cb82d66f8ad7ecf15
2024-08-07T22:40:01,FED-CIV-hxm-usdod,PROD,55,190665356076.dkr.ecr.us-gov-west-1.amazonaws.com/bizx-sidecars/logstash:2.1.1-8.6.2,190665356076.dkr.ecr.us-gov-west-1.amazonaws.com/bizx-sidecars/logstash@sha256:16de198fd53a60cc138536327aede5c60b870bee6c6d6dab40adad7e1d344455
2024-08-07T22:40:01,FED-CIV-hxm-usdod,PROD,6,190665356076.dkr.ecr.us-gov-west-1.amazonaws.com/bizx-sidecars/nginx-kube-adapter:0.1.2,190665356076.dkr.ecr.us-gov-west-1.amazonaws.com/bizx-sidecars/nginx-kube-adapter@sha256:d0fd6abfedd9d0d9c2167223c36b70b492039f6058b205c5eb393ad0243af530
2024-08-07T22:40:01,FED-CIV-hxm-usdod,PROD,6,190665356076.dkr.ecr.us-gov-west-1.amazonaws.com/bizx-sidecars/ssl-terminator:0.1.4,190665356076.dkr.ecr.us-gov-west-1.amazonaws.com/bizx-sidecars/ssl-terminator@sha256:3dd2951a5f1acf3bab249589a02e56608d012629c7c9eabdf8cad53802f6e8c9
2024-08-07T22:40:01,FED-CIV-hxm-usdod,PROD,3,190665356076.dkr.ecr.us-gov-west-1.amazonaws.com/bizx-sidecars/zookeeper-exporter:0.1.1,190665356076.dkr.ecr.us-gov-west-1.amazonaws.com/bizx-sidecars/zookeeper-exporter@sha256:b36d551d6cc3cc26a21a9ab28512a828a38b469299956f8e5ee7d40233635553
2024-08-07T22:40:01,FED-CIV-hxm-usdod,PROD,3,190665356076.dkr.ecr.us-gov-west-1.amazonaws.com/bizx/agency-service:b2305_20230414165645,190665356076.dkr.ecr.us-gov-west-1.amazonaws.com/bizx/agency-service@sha256:08bee8e682f238399a3a547fb392b285cc377a55855ec748d5fce5b925673c6f
2024-08-07T22:40:01,FED-CIV-hxm-usdod,PROD,1,190665356076.dkr.ecr.us-gov-west-1.amazonaws.com/bizx/cache-manager:b2305_1.0.20230412090914,190665356076.dkr.ecr.us-gov-west-1.amazonaws.com/bizx/cache-manager@sha256:bb144294918a2119a25e990981b27c270ff28c61228db50947191cb80dbac6d6
2024-08-07T22:40:01,FED-CIV-hxm-usdod,PROD,8,190665356076.dkr.ecr.us-gov-west-1.amazonaws.com/bizx/cache-redis:6.2.7,190665356076.dkr.ecr.us-gov-west-1.amazonaws.com/bizx/cache-redis@sha256:52beeeae914885a4f99cea0d688a003201e6b04402d5d97319328ff87410b47d
2024-08-07T22:40:01,FED-CIV-hxm-usdod,PROD,1,190665356076.dkr.ecr.us-gov-west-1.amazonaws.com/bizx/cache-sentinel:6.2.7,190665356076.dkr.ecr.us-gov-west-1.amazonaws.com/bizx/cache-sentinel@sha256:5a4392f3340aee44980b4d09aab287ad72ff4433988b6a463545d95c3e9ede93
2024-08-07T22:40:01,FED-CIV-hxm-usdod,PROD,3,190665356076.dkr.ecr.us-gov-west-1.amazonaws.com/bizx/cockpit-cacheprovisioning-service:master_20240220043843,190665356076.dkr.ecr.us-gov-west-1.amazonaws.com/bizx/cockpit-cacheprovisioning-service@sha256:b811a7cd4b0c2736a5a4ee3247370c98795d3db8abc67d123d020981d9383963
2024-08-07T22:40:01,FED-CIV-hxm-usdod,PROD,3,190665356076.dkr.ecr.us-gov-west-1.amazonaws.com/bizx/cockpit-homepage-service:master_20240325093942,190665356076.dkr.ecr.us-gov-west-1.amazonaws.com/bizx/cockpit-homepage-service@sha256:d3404b53b694e5b9173ca6c2dc10352b2de4990ca6cc10555af3a272d1cd02ad
2024-08-07T22:40:01,FED-CIV-hxm-usdod,PROD,3,190665356076.dkr.ecr.us-gov-west-1.amazonaws.com/bizx/cockpit-ui-service:master_20231215085805,190665356076.dkr.ecr.us-gov-west-1.amazonaws.com/bizx/cockpit-ui-service@sha256:5b56b89b59ffc3a3e45c68d3efd7ffb5eaf49fcaf75fce88ae126465b1296179
2024-08-07T22:40:01,FED-CIV-hxm-usdod,PROD,3,190665356076.dkr.ecr.us-gov-west-1.amazonaws.com/bizx/kafka:2.13-3.2.0_11.0.16,190665356076.dkr.ecr.us-gov-west-1.amazonaws.com/bizx/kafka@sha256:1d1fc9bbe2d3bc9959366bb28d839be7144a83dff2ce2cc56daebbe2d6ce14af
2024-08-07T22:40:01,FED-CIV-hxm-usdod,PROD,6,190665356076.dkr.ecr.us-gov-west-1.amazonaws.com/bizx/nginx_standard:b2305p27e.20231205092232,190665356076.dkr.ecr.us-gov-west-1.amazonaws.com/bizx/nginx_standard@sha256:180da1eb4d1a6166e3b3ee38788f0c3438ee3109768fdd9a8f5e5aafe4e953a6
2024-08-07T22:40:01,FED-CIV-hxm-usdod,PROD,3,190665356076.dkr.ecr.us-gov-west-1.amazonaws.com/bizx/pdf-conversion-service:master_20220224222832,190665356076.dkr.ecr.us-gov-west-1.amazonaws.com/bizx/pdf-conversion-service@sha256:2ffa5a4f92016265171d1b2b195448cbaa90689b8015375902ff6c25eaec51fd
2024-08-07T22:40:01,FED-CIV-hxm-usdod,PROD,1,190665356076.dkr.ecr.us-gov-west-1.amazonaws.com/bizx/scheduler_standard:b2205.202205180218,190665356076.dkr.ecr.us-gov-west-1.amazonaws.com/bizx/scheduler_standard@sha256:9d218c8b71a3b6240a14614cfbe0f5d2dc579380d248e62b75f1362842c19cc7
2024-08-07T22:40:01,FED-CIV-hxm-usdod,PROD,3,190665356076.dkr.ecr.us-gov-west-1.amazonaws.com/bizx/solr:b2305_1.0.20230412090859,190665356076.dkr.ecr.us-gov-west-1.amazonaws.com/bizx/solr@sha256:453d9c8d3aa6170ec0124504b9aa1a3e1ac9452b6e7ed5762d52929362fd7441
2024-08-07T22:40:01,FED-CIV-hxm-usdod,PROD,3,190665356076.dkr.ecr.us-gov-west-1.amazonaws.com/bizx/tomcat_career:b2305p27e.20231205092232,190665356076.dkr.ecr.us-gov-west-1.amazonaws.com/bizx/tomcat_career@sha256:b4ef9d83ddb72529532c9c9d4a969ecce7defef181fd07751103a47ebc7fe850
2024-08-07T22:40:01,FED-CIV-hxm-usdod,PROD,3,190665356076.dkr.ecr.us-gov-west-1.amazonaws.com/bizx/tomcat_client:b2305p27e.20231205092232,190665356076.dkr.ecr.us-gov-west-1.amazonaws.com/bizx/tomcat_client@sha256:e2b47b7befe68ac5ce539ad14285f6b87574d110c4971ef504d20dbd4b5f300f
2024-08-07T22:40:01,FED-CIV-hxm-usdod,PROD,1,190665356076.dkr.ecr.us-gov-west-1.amazonaws.com/bizx/tomcat_ebs:b2305p27e.20231205092232,190665356076.dkr.ecr.us-gov-west-1.amazonaws.com/bizx/tomcat_ebs@sha256:563ee551592c9dbcc485c64a8684a38d8f769a4ef6fde4bb892d4b65f6c081fd
2024-08-07T22:40:01,FED-CIV-hxm-usdod,PROD,3,190665356076.dkr.ecr.us-gov-west-1.amazonaws.com/bizx/tomcat_sched:b2305p27e.20231205092232,190665356076.dkr.ecr.us-gov-west-1.amazonaws.com/bizx/tomcat_sched@sha256:91735ffdbba309818804227137397dddaeb93d6b5d15f2dcac56151c4cbaf818
2024-08-07T22:40:01,FED-CIV-hxm-usdod,PROD,3,190665356076.dkr.ecr.us-gov-west-1.amazonaws.com/bizx/tomcat_session:b2305p27e.20231205092232,190665356076.dkr.ecr.us-gov-west-1.amazonaws.com/bizx/tomcat_session@sha256:a662b0b286d5f8a481220a48070c61bdb26bd6e77a46da2e815567756361f534
2024-08-07T22:40:01,FED-CIV-hxm-usdod,PROD,3,190665356076.dkr.ecr.us-gov-west-1.amazonaws.com/bizx/tomcat_sfapi:b2305p27e.20231205092232,190665356076.dkr.ecr.us-gov-west-1.amazonaws.com/bizx/tomcat_sfapi@sha256:c13c364143089506a510fe7cca13c6a58f1e24039a488eea518155bda78bc986
2024-08-07T22:40:01,FED-CIV-hxm-usdod,PROD,22,190665356076.dkr.ecr.us-gov-west-1.amazonaws.com/bizx/tomcat_standard:b2305p27e.20231205092232,190665356076.dkr.ecr.us-gov-west-1.amazonaws.com/bizx/tomcat_standard@sha256:cbcc44cbc2326aa2c2e7c52e39af8de2b10a4b6443de8a78df48065730e31c9a
2024-08-07T22:40:01,FED-CIV-hxm-usdod,PROD,3,190665356076.dkr.ecr.us-gov-west-1.amazonaws.com/bizx/zookeeper:3.7.1_11.0.16,190665356076.dkr.ecr.us-gov-west-1.amazonaws.com/bizx/zookeeper@sha256:76c5d51b94d6d83c887b8b61ab35159e1fa55f3e46efdbf1834d5bb16532a78b
2024-08-07T22:40:01,FED-CIV-hxm-usdod,PROD,3,190665356076.dkr.ecr.us-gov-west-1.amazonaws.com/certified/pfs-encryption-kms-svc:1.0.0-master-272-be54eac1,190665356076.dkr.ecr.us-gov-west-1.amazonaws.com/certified/pfs-encryption-kms-svc@sha256:8702947b9177b607f17035087a51ebbca5a217ab961cf9afa8fc33199f97216c
2024-08-07T22:40:01,FED-CIV-hxm-usdod,PROD,1,190665356076.dkr.ecr.us-gov-west-1.amazonaws.com/certified/pfs-vault-management-svc:1.0.0-d9471253-941,190665356076.dkr.ecr.us-gov-west-1.amazonaws.com/certified/pfs-vault-management-svc@sha256:28fd36ba8521941094db129e65e19b4fea632d6ee61525d07e465904095ba146
2024-08-07T22:40:01,FED-CIV-hxm-usdod,PROD,2,190665356076.dkr.ecr.us-gov-west-1.amazonaws.com/certified/pfs-vaultservice-svc-svc:1.1.1-c126e1b-239,190665356076.dkr.ecr.us-gov-west-1.amazonaws.com/certified/pfs-vaultservice-svc-svc@sha256:49d19f4b9c24ad10a06493fdbd7f7134abe69f1b9dd26e45f127789f58977af5
2024-08-07T22:40:01,FED-CIV-hxm-usdod,PROD,2,190665356076.dkr.ecr.us-gov-west-1.amazonaws.com/certified/plt-dgf-svc-signed:1.0.0-SNAPSHOT-2ecb44a-400,190665356076.dkr.ecr.us-gov-west-1.amazonaws.com/certified/plt-dgf-svc-signed@sha256:25866d7928c0ad15c8ac97d0e7888ff768ab99d5ec1567e2abd4f949e7bf6ccd
2024-08-07T22:40:01,FED-CIV-hxm-usdod,PROD,3,190665356076.dkr.ecr.us-gov-west-1.amazonaws.com/dev/metadata-svc:1.0.0-16ce4d0-231,190665356076.dkr.ecr.us-gov-west-1.amazonaws.com/dev/metadata-svc@sha256:0070d758cbae31fd85c11ee539d1ba909b02ba4b277163714c01fec688583e1b
2024-08-07T22:40:01,FED-CIV-hxm-usdod,PROD,2,190665356076.dkr.ecr.us-gov-west-1.amazonaws.com/init-container:1.0.1,190665356076.dkr.ecr.us-gov-west-1.amazonaws.com/init-container@sha256:774787b494daa9e20b0e9c9094afd24c57407918be6a5f2112b771a0a17cc03f
2024-08-07T22:40:01,FED-CIV-hxm-usdod,PROD,2,190665356076.dkr.ecr.us-gov-west-1.amazonaws.com/k8s/prod/exp-ecosystem-eml-svc:6.7.0-af20a84-1537,190665356076.dkr.ecr.us-gov-west-1.amazonaws.com/k8s/prod/exp-ecosystem-eml-svc@sha256:413b80b1d7d31d726a5215ebafc4c47e1ded488fada87ff947bdbbb11d5655ba
2024-08-07T22:40:01,FED-CIV-hxm-usdod,PROD,4,190665356076.dkr.ecr.us-gov-west-1.amazonaws.com/k8s/prod/exp-verp-svc:1.0.0-20230928035449-efe2153-9532,190665356076.dkr.ecr.us-gov-west-1.amazonaws.com/k8s/prod/exp-verp-svc@sha256:4470435d821daa84dba08b474546d5d65ad36a5beb1591edca59b890de8290ab
2024-08-07T22:40:01,FED-CIV-hxm-usdod,PROD,4,190665356076.dkr.ecr.us-gov-west-1.amazonaws.com/k8s/prod/pfs-authorization-svc:1.6.0-2db5e1ad-5,190665356076.dkr.ecr.us-gov-west-1.amazonaws.com/k8s/prod/pfs-authorization-svc@sha256:5944d9e9eb6552b747c775a3d1add1e7a53355a2551ef54208497e97f67953cc
2024-08-07T22:40:01,FED-CIV-hxm-usdod,PROD,2,190665356076.dkr.ecr.us-gov-west-1.amazonaws.com/k8s/prod/pfs-inputs-sanitization-rule-mgr-svc:0.0.1-0559eac-282,190665356076.dkr.ecr.us-gov-west-1.amazonaws.com/k8s/prod/pfs-inputs-sanitization-rule-mgr-svc@sha256:af3adaa9ea64ce1b9a8e9700a4164887cfa89603e490b6ca3bf827d9fa9694d1
2024-08-07T22:40:01,FED-CIV-hxm-usdod,PROD,1,190665356076.dkr.ecr.us-gov-west-1.amazonaws.com/k8s/prod/pfs-tcc-console-svc:1.0.0-ba8e67f-95,190665356076.dkr.ecr.us-gov-west-1.amazonaws.com/k8s/prod/pfs-tcc-console-svc@sha256:807b796792e4279f9206a1ba4065cb83ecac9e159b661bbf2bdbf02885a79d86
2024-08-07T22:40:01,FED-CIV-hxm-usdod,PROD,5,190665356076.dkr.ecr.us-gov-west-1.amazonaws.com/k8s/prod/pfs-virusscan-svc:1.0.0-dee63be-375,190665356076.dkr.ecr.us-gov-west-1.amazonaws.com/k8s/prod/pfs-virusscan-svc@sha256:dcfe2c6c086770b59332e76e1d61b8627dda4afb5ba24b5606edb710d8994c97
2024-08-07T22:40:01,FED-CIV-hxm-usdod,PROD,4,190665356076.dkr.ecr.us-gov-west-1.amazonaws.com/k8s/prod/pfw-integration-gateway-svc:1.3.0-b2305-8dba583f-28,190665356076.dkr.ecr.us-gov-west-1.amazonaws.com/k8s/prod/pfw-integration-gateway-svc@sha256:7fc25a9895a86110a52fd4663d489143b85d9f88585f9f862ca94be77bb75286
2024-08-07T22:40:01,FED-CIV-hxm-usdod,PROD,8,190665356076.dkr.ecr.us-gov-west-1.amazonaws.com/k8s/prod/pfw-tenant-lifecycle-svc:1.7.0-ms2303-6f2cf15-22,190665356076.dkr.ecr.us-gov-west-1.amazonaws.com/k8s/prod/pfw-tenant-lifecycle-svc@sha256:3323443a45f8dde90b2b3c5ce7091582a3fc7b18db22c6895ea67c7201ae3c5f
2024-08-07T22:40:01,FED-CIV-hxm-usdod,PROD,2,190665356076.dkr.ecr.us-gov-west-1.amazonaws.com/k8s/prod/rec-agency-svc:0.0.1-b2205-998487b-7,190665356076.dkr.ecr.us-gov-west-1.amazonaws.com/k8s/prod/rec-agency-svc@sha256:76f726bc2a93fae441353b3b9c1c15f47ed1399e9b8f72caf6d8d79b3f3159c2
2024-08-07T22:40:01,FED-CIV-hxm-usdod,PROD,2,190665356076.dkr.ecr.us-gov-west-1.amazonaws.com/k8s/prod/rec-application-search-indexer-svc:v0.4.4-MS2306-791651b-1,190665356076.dkr.ecr.us-gov-west-1.amazonaws.com/k8s/prod/rec-application-search-indexer-svc@sha256:745297b65c6246ebd0e1da3551b0e8b8a719c147b74082f9781a7290bed98711
2024-08-07T22:40:01,FED-CIV-hxm-usdod,PROD,3,190665356076.dkr.ecr.us-gov-west-1.amazonaws.com/k8s/prod/tal-cpm-client-svc:0.0.1-fadd00b-161,190665356076.dkr.ecr.us-gov-west-1.amazonaws.com/k8s/prod/tal-cpm-client-svc@sha256:98d18508b01888a51519bc1c577403d0880d40ace809003d5b5db41a33d83757
2024-08-07T22:40:01,FED-CIV-hxm-usdod,PROD,2,190665356076.dkr.ecr.us-gov-west-1.amazonaws.com/k8s/qa/trunk/lms-icontent-svc/helper-containers/filebeat:7.16.2,190665356076.dkr.ecr.us-gov-west-1.amazonaws.com/k8s/qa/trunk/lms-icontent-svc/helper-containers/filebeat@sha256:152438126868a4848c962f1a25e950139b9e944c0d3f3a83f25e87feae262309
2024-08-07T22:40:01,FED-CIV-hxm-usdod,PROD,2,190665356076.dkr.ecr.us-gov-west-1.amazonaws.com/k8s/qa/trunk/lms-icontent-svc:1.19.9.1-1-10fbf62-12,190665356076.dkr.ecr.us-gov-west-1.amazonaws.com/k8s/qa/trunk/lms-icontent-svc@sha256:1b6a9963b377f4c17a9afeb84697f6d0a3ea2a7501e3c880930d776cf4486b99
2024-08-07T22:40:01,FED-CIV-hxm-usdod,PROD,2,190665356076.dkr.ecr.us-gov-west-1.amazonaws.com/k8s/qa/trunk/pfs-useraccount-svc:v1.0.0-SNAPSHOT-0b97a8f-248,190665356076.dkr.ecr.us-gov-west-1.amazonaws.com/k8s/qa/trunk/pfs-useraccount-svc@sha256:8b7afdaeaf8cf0f849260ac6d1b2a31f030a73b188c9fabde702aa94cf819642
2024-08-07T22:40:01,FED-CIV-hxm-usdod,PROD,1,190665356076.dkr.ecr.us-gov-west-1.amazonaws.com/kubernetes/bizxenvironment-generator:1.202209071344.master.7864ee5,190665356076.dkr.ecr.us-gov-west-1.amazonaws.com/kubernetes/bizxenvironment-generator@sha256:f912772da5717ed3f272dd4b0bec57b37b658b73d2348c55e80b815231618c16
2024-08-07T22:40:01,FED-CIV-hxm-usdod,PROD,1,190665356076.dkr.ecr.us-gov-west-1.amazonaws.com/kubernetes/bizxenvironment-generator:1.202305121934.b2305.347bb2b,190665356076.dkr.ecr.us-gov-west-1.amazonaws.com/kubernetes/bizxenvironment-generator@sha256:37042010d0316e8f7f96911a37d1d436f6c6e91f0bf2f07742df7076b57ffc5d
2024-08-07T22:40:01,FED-CIV-hxm-usdod,PROD,1,190665356076.dkr.ecr.us-gov-west-1.amazonaws.com/kubernetes/bizxenvironment-generator:1.202309071815.b2311.d8a07ee,190665356076.dkr.ecr.us-gov-west-1.amazonaws.com/kubernetes/bizxenvironment-generator@sha256:2404548858bee6707f5c0dca1d4416e4ace390c5f0befa181d4c1cae27ceb249
2024-08-07T22:40:01,FED-CIV-hxm-usdod,PROD,1,190665356076.dkr.ecr.us-gov-west-1.amazonaws.com/kubernetes/bizxenvironment-generator:1.202403282001.b2405.10fadc9,190665356076.dkr.ecr.us-gov-west-1.amazonaws.com/kubernetes/bizxenvironment-generator@sha256:d2f2f6a8329d9766ecf748170f86fe048a99300cd55d9773654d1007115ae34b
2024-08-07T22:40:01,FED-CIV-hxm-usdod,PROD,1,190665356076.dkr.ecr.us-gov-west-1.amazonaws.com/kubernetes/bizxenvironment-handler:1.202303221744.2632978,190665356076.dkr.ecr.us-gov-west-1.amazonaws.com/kubernetes/bizxenvironment-handler@sha256:53ae89d10bd8409f888635fba55d0271f7a9ab9ff0c002482101d94bb84f9d8c
2024-08-07T22:40:01,FED-CIV-hxm-usdod,PROD,2,190665356076.dkr.ecr.us-gov-west-1.amazonaws.com/library/busybox:1.35.0,190665356076.dkr.ecr.us-gov-west-1.amazonaws.com/library/busybox@sha256:bbceed9771c7670ac935b3c99fa290faa3f0ebb81b78f5bab4830a8a5cdf253f
2024-08-07T22:40:01,FED-CIV-hxm-usdod,PROD,2,190665356076.dkr.ecr.us-gov-west-1.amazonaws.com/lms/helper-containers/filebeat:7.16.2,190665356076.dkr.ecr.us-gov-west-1.amazonaws.com/lms/helper-containers/filebeat@sha256:7e04102d10b3bf5ba4642058711287336aa7a0b6682e8f6e8d47fa4dcb13a8b8
2024-08-07T22:40:01,FED-CIV-hxm-usdod,PROD,2,190665356076.dkr.ecr.us-gov-west-1.amazonaws.com/logstash-oss-with-opensearch-output-plugin:8.9.0,190665356076.dkr.ecr.us-gov-west-1.amazonaws.com/logstash-oss-with-opensearch-output-plugin@sha256:ea2ff3f99c598488144028b93ad6dcfb6ed367bfe6b0c1e5ef0df110b1c54550
2024-08-07T22:40:01,FED-CIV-hxm-usdod,PROD,29,cr.fluentbit.io/fluent/fluent-bit:3.0.2,cr.fluentbit.io/fluent/fluent-bit@sha256:ed0214b0b0c6bff7474c739d9c8c2e128d378b053769c2b12da06296be883898
2024-08-07T22:40:01,FED-CIV-hxm-usdod,PROD,31,docker.io/hashicorp/consul-k8s-control-plane:0.48.0,docker.io/hashicorp/consul-k8s-control-plane@sha256:0a53916b29c25227b6c571d0a9eebf9f93069ca927d563aeac63d7778f597840
2024-08-07T22:40:01,FED-CIV-hxm-usdod,PROD,61,docker.io/hashicorp/consul:1.13.1,docker.io/hashicorp/consul@sha256:c014bbf14bbd08bbcabe5386ab01aaedc385cd5c43c2024b340e2b5692111ce7
2024-08-07T22:40:01,FED-CIV-hxm-usdod,PROD,1,docker.io/hashicorp/vault-k8s:1.0.0,docker.io/hashicorp/vault-k8s@sha256:b961e166741bc567fdda71cdbf41293b0fb1076c2ea0e48bc6bef35599653a06
2024-08-07T22:40:01,FED-CIV-hxm-usdod,PROD,3,docker.io/hashicorp/vault:1.11.3,docker.io/hashicorp/vault@sha256:0fe23bbef12a1b304fec8e288468d3f83b6cccd7f8af178d315337ded587d231
2024-08-07T22:40:01,FED-CIV-hxm-usdod,PROD,1,docker.io/library/alpine:3.12,docker.io/library/alpine@sha256:c75ac27b49326926b803b9ed43bf088bc220d22556de1bc5f72d742c91398f69
2024-08-07T22:40:01,FED-CIV-hxm-usdod,PROD,6,docker.io/library/haproxy:2.4.9,docker.io/library/haproxy@sha256:6351e7021d0a56798ddeea65dd83f47e10dc7a1d49ae1189bfde84832bfe15df
2024-08-07T22:40:01,FED-CIV-hxm-usdod,PROD,12,docker.io/library/redis:7.0.0-alpine,docker.io/library/redis@sha256:558d0845026fe0bf091a00c0ad647ffacf9df385d780d433ca70661f7276f834
2024-08-07T22:40:01,FED-CIV-hxm-usdod,PROD,29,docker.io/zabbix/zabbix-agent2:alpine-6.0.19,docker.io/zabbix/zabbix-agent2@sha256:5c0000c470cd97c6231c964a5611240d88c226c6158d8861388e5760660e1a8f
2024-08-07T22:40:01,FED-CIV-hxm-usdod,PROD,1,docker.io/zabbix/zabbix-proxy-sqlite3:alpine-6.0.19,docker.io/zabbix/zabbix-proxy-sqlite3@sha256:a31215e9339225a97571ffab3f995b42325e227a7e676d6d5724f6095d0a2ca3
2024-08-07T22:40:01,FED-CIV-hxm-usdod,PROD,3,gcr.io/google.com/cloudsdktool/cloud-sdk:latest,gcr.io/google.com/cloudsdktool/cloud-sdk@sha256:3c6f7f4957ddc263c351bfae374bf699798be1b1bf79146deacc7a55eb5cdb9f
2024-08-07T22:40:01,FED-CIV-hxm-usdod,PROD,1,ghcr.io/dexidp/dex:v2.38.0,ghcr.io/dexidp/dex@sha256:b1d793440a98d7ecde7fa5dbc8cee1204ef0e8918d9e51ef6201f50d12d55925
2024-08-07T22:40:01,FED-CIV-hxm-usdod,PROD,1,k8s.gcr.io/kube-state-metrics/kube-state-metrics:v2.0.0,k8s.gcr.io/kube-state-metrics/kube-state-metrics@sha256:eb2f41024a583e8795213726099c6f9432f2d64ab3754cc8ab8d00bdbc328910
2024-08-07T22:40:01,FED-CIV-hxm-usdod,PROD,1,public.ecr.aws/docker/library/redis:7.2.4-alpine,public.ecr.aws/docker/library/redis@sha256:c8bb255c3559b3e458766db810aa7b3c7af1235b204cfdb304e79ff388fe1a5a
2024-08-07T22:40:01,FED-CIV-hxm-usdod,PROD,34,public.ecr.aws/ebs-csi-driver/aws-ebs-csi-driver:v1.31.0,public.ecr.aws/ebs-csi-driver/aws-ebs-csi-driver@sha256:ecceff6597372091beef588b94e676374afc65361d73c77d83f4b8bb17e66616
2024-08-07T22:40:01,FED-CIV-hxm-usdod,PROD,34,public.ecr.aws/efs-csi-driver/amazon/aws-efs-csi-driver:v2.0.5,public.ecr.aws/efs-csi-driver/amazon/aws-efs-csi-driver@sha256:cfc2d190280212df1de1989718bec8ca7546764f0906b55f8e99cce59031ce98
2024-08-07T22:40:01,FED-CIV-hxm-usdod,PROD,5,public.ecr.aws/eks-distro/kubernetes-csi/external-attacher:v4.6.1-eks-1-30-8,public.ecr.aws/eks-distro/kubernetes-csi/external-attacher@sha256:ff819af875b260c0ded2fc30062a92c39b6e2031ff516179c0eba1203327502b
2024-08-07T22:40:01,FED-CIV-hxm-usdod,PROD,10,public.ecr.aws/eks-distro/kubernetes-csi/external-provisioner:v5.0.1-eks-1-30-8,public.ecr.aws/eks-distro/kubernetes-csi/external-provisioner@sha256:4900236897853a9abc86b93a13de458caf6183a4f614b005dfbe1e6af90609eb
2024-08-07T22:40:01,FED-CIV-hxm-usdod,PROD,5,public.ecr.aws/eks-distro/kubernetes-csi/external-resizer:v1.11.1-eks-1-30-8,public.ecr.aws/eks-distro/kubernetes-csi/external-resizer@sha256:3c1553557c2fdab7d70a56a611aad7bf90d55d14a41b7e91a41f87d6a58ddb0d
2024-08-07T22:40:01,FED-CIV-hxm-usdod,PROD,5,public.ecr.aws/eks-distro/kubernetes-csi/external-snapshotter/csi-snapshotter:v8.0.1-eks-1-30-8,public.ecr.aws/eks-distro/kubernetes-csi/external-snapshotter/csi-snapshotter@sha256:47df7533903df3a3330475b4170aa4dd6f5cc8755961492c5358b6db4e857c48
2024-08-07T22:40:01,FED-CIV-hxm-usdod,PROD,68,public.ecr.aws/eks-distro/kubernetes-csi/livenessprobe:v2.13.0-eks-1-30-8,public.ecr.aws/eks-distro/kubernetes-csi/livenessprobe@sha256:681e413d58bc9960edc117ee14556b280a8910bf20a7b0d49c34bc60438677e1
2024-08-07T22:40:01,FED-CIV-hxm-usdod,PROD,58,public.ecr.aws/eks-distro/kubernetes-csi/node-driver-registrar:v2.11.0-eks-1-30-8,public.ecr.aws/eks-distro/kubernetes-csi/node-driver-registrar@sha256:a3e096180ac04203327694f453dcd25ad1ee5c6bff983ec1241c39812b5716c7
2024-08-07T22:40:01,FED-CIV-hxm-usdod,PROD,13,quay.io/argoproj/argocd:v2.11.2,quay.io/argoproj/argocd@sha256:d2c274ff26c7ab164907de05826bdfe2e6f326af70edd0bb83194b75fbb71f9e
2024-08-07T22:40:01,FED-CIV-hxm-usdod,PROD,29,quay.io/prometheus/node-exporter:v1.1.2,quay.io/prometheus/node-exporter@sha256:22fbde17ab647ddf89841e5e464464eece111402b7d599882c2a3393bc0d2810
2024-08-07T22:40:01,FED-CIV-hxm-usdod,PROD,1,quay.io/prometheus/prometheus:v2.27.1,quay.io/prometheus/prometheus@sha256:5accb68b56ba452e449a5e552411acaeabbbe0f087acf19a1157ce3dd10a8bed
2024-08-07T22:40:01,FED-CIV-hxm-usdod,PROD,6,registry.k8s.io/defaultbackend-amd64:1.5,registry.k8s.io/defaultbackend-amd64@sha256:4dc5e07c8ca4e23bddb3153737d7b8c556e5fb2f29c4558b7cd6e6df99c512c7
2024-08-07T22:40:01,FED-CIV-hxm-usdod,PROD,2,registry.k8s.io/kube-state-metrics/kube-state-metrics:v2.9.2,registry.k8s.io/kube-state-metrics/kube-state-metrics@sha256:5ac2e67a862cd3baa0eb4fd7683d54928fd76ea3a61cde50508922c956901d8c
2024-08-07T22:40:01,FED-CIV-hxm-usdod,PROD,1,sf-docker-golden.common.cdn.repositories.cloud.sap/bizx-sidecars/jmx-exporter:0.17.0,sf-docker-golden.common.cdn.repositories.cloud.sap/bizx-sidecars/jmx-exporter@sha256:7401318fd297a210bed4c91849d8deebca25fd197ebd76c77bcd2708be5b22d0
2024-08-07T22:40:01,FED-CIV-hxm-usdod,PROD,6,sf-docker-golden.common.cdn.repositories.cloud.sap/bizx-sidecars/logstash:0.1.5_7.17.6,sf-docker-golden.common.cdn.repositories.cloud.sap/bizx-sidecars/logstash@sha256:bbad1d601f28044b1bf4767821a7aa8fa56f6c5719e5e9cf356b1175bd629fd7
2024-08-07T22:40:01,FED-CIV-hxm-usdod,PROD,2,sf-docker-golden.common.cdn.repositories.cloud.sap/bizx/reporting-service:master_20220418072711,sf-docker-golden.common.cdn.repositories.cloud.sap/bizx/reporting-service@sha256:5acee8cedd6a914aaf2cb6e7d33f69d897c6218644c01116af3557092bb33152
2024-08-07T22:40:01,FED-CIV-hxm-usdod,PROD,2,sf-docker-golden.common.cdn.repositories.cloud.sap/k8s/prod/eas-dynamicteams-svc:1.2.0-SNAPSHOT-bd700631-758,sf-docker-golden.common.cdn.repositories.cloud.sap/k8s/prod/eas-dynamicteams-svc@sha256:9f0e94ee12c0dc45086ca44a041503409b8f022e958cc48c39e0a37518089caa
2024-08-07T22:40:01,FED-CIV-hxm-usdod,PROD,2,sf-docker-golden.common.cdn.repositories.cloud.sap/k8s/prod/exp-digital-assistant-svc:1.1.0-b2309-396d827e-3,sf-docker-golden.common.cdn.repositories.cloud.sap/k8s/prod/exp-digital-assistant-svc@sha256:d646b486cb3f6bec5385001bb34a778acf83c4343c04ff8916e3296df59a07b9
2024-08-07T22:40:01,FED-CIV-hxm-usdod,PROD,2,sf-docker-golden.common.cdn.repositories.cloud.sap/k8s/prod/pfs-cockpit-itrconfig-svc:v1.0.0-master-f53a34b-79,sf-docker-golden.common.cdn.repositories.cloud.sap/k8s/prod/pfs-cockpit-itrconfig-svc@sha256:2a81793e3ee84e69562720d2602ee12ff04198478d936c2630e8ce76e3808bfa
2024-08-07T22:40:01,FED-CIV-hxm-usdod,PROD,2,sf-docker-golden.common.cdn.repositories.cloud.sap/k8s/prod/pfs-cockpit-olio-svc:v1.0.0-master-8325cf3-148,sf-docker-golden.common.cdn.repositories.cloud.sap/k8s/prod/pfs-cockpit-olio-svc@sha256:91cfdc2d5c76bc88e4036dcb26e4b593589ecdcd96e076106af03e24f88c31ae
2024-08-07T22:40:01,FED-CIV-hxm-usdod,PROD,2,sf-docker-golden.common.cdn.repositories.cloud.sap/k8s/prod/pfs-cockpit-rbpconfig-svc:v1.0.0-master-47b2203-109,sf-docker-golden.common.cdn.repositories.cloud.sap/k8s/prod/pfs-cockpit-rbpconfig-svc@sha256:78ffa16213c4e42f6f11e82352e6525de0c360320e21adf650aef8ba7514a4a4
2024-08-07T22:40:01,FED-CIV-hxm-usdod,PROD,2,sf-docker-golden.common.cdn.repositories.cloud.sap/k8s/prod/pfs-feature-toggle-console-svc:v1.0.0-master-6a31f9c-131,sf-docker-golden.common.cdn.repositories.cloud.sap/k8s/prod/pfs-feature-toggle-console-svc@sha256:72e87abdcdb59dba6ef2f5ba3ae0d1b876766abad1992a8aad95a9ec7c24093f
2024-08-07T22:40:01,FED-CIV-hxm-usdod,PROD,2,sf-docker-golden.common.cdn.repositories.cloud.sap/k8s/prod/pfs-feature-toggle-svc:v1.0.0-master-8b9aa52-47,sf-docker-golden.common.cdn.repositories.cloud.sap/k8s/prod/pfs-feature-toggle-svc@sha256:4996fcdf3f21055bcbde8ac63479ac571159f4e19a2202874f497c207ac982b4
2024-08-07T22:40:01,FED-CIV-hxm-usdod,PROD,2,sf-docker-golden.common.cdn.repositories.cloud.sap/k8s/prod/pfs-feature-toggle-ui-svc:1.0.0-master-bf9e93e-54-20220908065108,sf-docker-golden.common.cdn.repositories.cloud.sap/k8s/prod/pfs-feature-toggle-ui-svc@sha256:db37937ffc133f85587094595a84b2708355b609aae4f93be4d195c90aaba03c
2024-08-07T22:40:01,FED-CIV-hxm-usdod,PROD,3,sf-docker-golden.common.cdn.repositories.cloud.sap/k8s/prod/pfs-i18n-mgmt-svc:v1.5.1-ms2304-b666aa8-112,sf-docker-golden.common.cdn.repositories.cloud.sap/k8s/prod/pfs-i18n-mgmt-svc@sha256:87c4065dbdbaab6a8e0c4d76de7aadd88f60a1b8e931e2cf305475bbc90e7727
2024-08-07T22:40:01,FED-CIV-hxm-usdod,PROD,3,sf-docker-golden.common.cdn.repositories.cloud.sap/k8s/prod/pfs-job-scheduler-svc:v1.0.1-89f428c2-518,sf-docker-golden.common.cdn.repositories.cloud.sap/k8s/prod/pfs-job-scheduler-svc@sha256:ffbf25ea6e396bad29c953d81b24700c8f312c1ffca6de65c3ee8854ecacb0a4
2024-08-07T22:40:01,FED-CIV-hxm-usdod,PROD,3,sf-docker-golden.common.cdn.repositories.cloud.sap/k8s/prod/pfs-uxr-card-svc:1.20.1-7645f4f-23,sf-docker-golden.common.cdn.repositories.cloud.sap/k8s/prod/pfs-uxr-card-svc@sha256:105c06832dc092bb9d0565cd87abc22eb5d0dc430f04bc01752aab8130196ebc
2024-08-07T22:40:01,FED-CIV-hxm-usdod,PROD,2,sf-docker-golden.common.cdn.repositories.cloud.sap/k8s/prod/tal-okr-svc:1.1.2-0d0c1ca3-16,sf-docker-golden.common.cdn.repositories.cloud.sap/k8s/prod/tal-okr-svc@sha256:8ac23bbcc56a3df8824e583d171668683eb911b8878570246d962291e039b976
2024-08-07T22:40:01,FED-CIV-hxm-usdod,PROD,2,sf-docker-golden.common.cdn.repositories.cloud.sap/k8s/prod/tal-pdfservice-svc:1.0.1-0286ad1-134,sf-docker-golden.common.cdn.repositories.cloud.sap/k8s/prod/tal-pdfservice-svc@sha256:62928a6a406af4272a742d4df90b1de7e64c56ac5c58b68b65e8a96416ddc0ef
2024-08-07T22:40:01,FED-CIV-hxm-usdod,PROD,12,sf-docker-golden.common.cdn.repositories.cloud.sap/lms-sidecars/janitor:0.1.3,sf-docker-golden.common.cdn.repositories.cloud.sap/lms-sidecars/janitor@sha256:a8817c5e8cd47b05b3e7b27b2bb0126ac2dd9ea1d6e960693c38916223561f54
2024-08-07T22:40:01,FED-CIV-hxm-usdod,PROD,12,sf-docker-golden.common.cdn.repositories.cloud.sap/lms-sidecars/jmx-exporter:0.17.0,sf-docker-golden.common.cdn.repositories.cloud.sap/lms-sidecars/jmx-exporter@sha256:ea41a27a5739f243b26c3177e21ef8281895ba7a96e7a3d9ec3d931d299c3e22
2024-08-07T22:40:01,FED-CIV-hxm-usdod,PROD,13,sf-docker-golden.common.cdn.repositories.cloud.sap/lms-sidecars/logstash:0.1.5_7.17.6,sf-docker-golden.common.cdn.repositories.cloud.sap/lms-sidecars/logstash@sha256:b16425d48b1681869c044d39ca88063e079def283f53bdd4cc76b28dcca239e3
2024-08-07T22:40:01,FED-CIV-hxm-usdod,PROD,12,sf-docker-golden.common.cdn.repositories.cloud.sap/lms/app-qc:b2305.28.1.202311210300,sf-docker-golden.common.cdn.repositories.cloud.sap/lms/app-qc@sha256:e7012781b6c2b4352eb579e0bf194b0ae8dfb0102995debf9e65e1c4e517fd3d
2024-08-07T22:40:01,FED-CIV-hxm-usdod,PROD,1,sf-docker-golden.common.cdn.repositories.cloud.sap/lms/dpl-qc:b2305.28.1.202311210300,sf-docker-golden.common.cdn.repositories.cloud.sap/lms/dpl-qc@sha256:635a7981bb3d4d753ba7d374ff71a13f3121cea9faa3e6b3f5e5d9dac0ce532c
2024-08-07T22:40:01,FED-CIV-hxm-usdod,PROD,1,sf-docker-staging.common.cdn.repositories.cloud.sap/bizx/agency-service:b2305_20230414165645,sf-docker-staging.common.cdn.repositories.cloud.sap/bizx/agency-service@sha256:d1eb954be8ea4e3827a25cfa925560dd154d1f07ae13d02a4b24bfda9f0a01c5
2024-08-07T22:40:01,FED-CIV-hxm-usdod,PROD,1,sf-docker-staging.common.cdn.repositories.cloud.sap/bizx/cache-redis:6.2.7,sf-docker-staging.common.cdn.repositories.cloud.sap/bizx/cache-redis@sha256:52beeeae914885a4f99cea0d688a003201e6b04402d5d97319328ff87410b47d
2024-08-07T22:40:01,FED-CIV-hxm-usdod,PROD,3,sf-docker-staging.common.cdn.repositories.cloud.sap/bizx/kafka:2.13-3.2.0_11.0.16,sf-docker-staging.common.cdn.repositories.cloud.sap/bizx/kafka@sha256:1d1fc9bbe2d3bc9959366bb28d839be7144a83dff2ce2cc56daebbe2d6ce14af
2024-08-07T22:40:01,FED-CIV-hxm-usdod,PROD,3,sf-docker-staging.common.cdn.repositories.cloud.sap/bizx/zookeeper:3.7.1_11.0.16,sf-docker-staging.common.cdn.repositories.cloud.sap/bizx/zookeeper@sha256:76c5d51b94d6d83c887b8b61ab35159e1fa55f3e46efdbf1834d5bb16532a78b
2024-08-07T22:40:01,FED-CIV-hxm-usdod,PROD,1,sf-docker-staging.common.cdn.repositories.cloud.sap/kubernetes/git2consul:20211122,sf-docker-staging.common.cdn.repositories.cloud.sap/kubernetes/git2consul@sha256:4af6309f40929937ee4727f60c268314881b3e1f6865b5946bc5ee1d970bc644
2024-08-07T22:40:01,FED-CIV-hxm-usdod,PROD,2,sha256:0893685f1d989027dd95db1b1e54183c96bdd2d0c057b9ee907d6b52e0c3ae97,us-central1-docker.pkg.dev/gardener-fed/public/registry_k8s_io/metrics-server/metrics-server@sha256:a1b84787b0f1fe161c6d70216b9efc7ef528f3f39d0dd0ea86bfba0db9023fc7
2024-08-07T22:40:01,FED-CIV-hxm-usdod,PROD,2,sha256:0beefcb7b5cfba8f8e3a13c02c2dc89e40164eddbca4134dc037e015a508cc55,us-central1-docker.pkg.dev/gardener-fed/public/europe-docker_pkg_dev/gardener-project/releases/gardener/vpn-shoot-client@sha256:de53db86c3132416b2a7629dc0b8915b380925c5e54223c848e131aac21f03af
2024-08-07T22:40:01,FED-CIV-hxm-usdod,PROD,2,sha256:0d69e64aae56b4b0d62049aa58c02a9642d63a237d65f54772cbf4f7d8c30a10,us-central1-docker.pkg.dev/gardener-fed/public/registry_k8s_io/coredns/coredns@sha256:dc8c8a1f2198b8881976d6a02d7ab8d9b2a97b7f6d3789d59a1fdd64dbc84efb
2024-08-07T22:40:01,FED-CIV-hxm-usdod,PROD,2,sha256:2480a2178575c19e1b6799ac8b2cb53c739a25feffb82607a44c3134bf655287,us-central1-docker.pkg.dev/gardener-fed/public/quay_io/prometheus/blackbox-exporter@sha256:e0182e4216e3d3c897d571366a106cf9aafc436437cc6bc8dd7a9f3a1fe16775
2024-08-07T22:40:01,FED-CIV-hxm-usdod,PROD,29,sha256:38dc439b7d05ea7170bbe50b52537a497e42e3bbc67d4bce4438654fff3c0d86,us-central1-docker.pkg.dev/gardener-dev-340815/public/quay_io/calico/cni@sha256:b07fb07a8a232698107d1943844d2d9bcdb651ee3562c07bea8d216512a4a020
2024-08-07T22:40:01,FED-CIV-hxm-usdod,PROD,1,sha256:430b801c489ae0c0b794decba03f81d977a334b1388c4eecbe4af9db0a4f6962,us-central1-docker.pkg.dev/gardener-fed/public/registry_k8s_io/cpa/cluster-proportional-autoscaler@sha256:fdb21d80793776bd675c2db9b82e42d0e8f492b7f7b990193f788fdfede1a02d
2024-08-07T22:40:01,FED-CIV-hxm-usdod,PROD,58,sha256:48dad7aa02a4eddc8792149038291c765bdab366a7299caf3583e3b18d287381,us-central1-docker.pkg.dev/gardener-fed/public/europe-docker_pkg_dev/gardener-project/releases/gardener/network-problem-detector@sha256:17a780e8007edbcc3f907911e71f7a57d956874e45258512b152ce594407beb9
2024-08-07T22:40:01,FED-CIV-hxm-usdod,PROD,29,sha256:4d2e3dc89db846446b93804885904498cf7c3dc8393494e8d9b27b9b61370b86,us-central1-docker.pkg.dev/gardener-fed/public/registry_k8s_io/dns/k8s-dns-node-cache@sha256:dc87e150bde42d71f94b1ca1d121201bd3ce10486bfd2a19c0b18449c71e0b75
2024-08-07T22:40:01,FED-CIV-hxm-usdod,PROD,29,sha256:52b8f9617c6003641f0f89b863033683202e1a1a2f670a25c23d8448fc381fd7,us-central1-docker.pkg.dev/gardener-fed/public/europe-docker_pkg_dev/gardener-project/releases/gardener/alpine-conntrack@sha256:fb1ac993cc1443cd265ccea3b298d12c999164439ccf1aa9e6225a422956e121
2024-08-07T22:40:01,FED-CIV-hxm-usdod,PROD,29,sha256:5e953dd4563858f5e6c144303e1ac0ca757da8291a233a6a3fff3aa75f871a31,us-central1-docker.pkg.dev/gardener-fed/public/registry_k8s_io/sig-storage/csi-node-driver-registrar@sha256:4b8f15b30d6eb0bcb24e6cf10fd1900476f146c4f772228585000f8fa5a2fe60
2024-08-07T22:40:01,FED-CIV-hxm-usdod,PROD,29,sha256:97d772d9e3ce6614c3d34caa8e6ec49d1903c3ea12c1d05bdd503847f0a7f7e6,us-central1-docker.pkg.dev/gardener-dev-340815/public/quay_io/calico/node@sha256:05c4b66bca8401a0e6d560e8291d6fcc4e994c1d95e5cece2bace7be4546a88c
2024-08-07T22:40:01,FED-CIV-hxm-usdod,PROD,29,sha256:98bf10308cbf137b57197afd64c78fbb36955b0b9109e0e0c265f3ea7d4cc3ef,us-central1-docker.pkg.dev/gardener-fed/public/registry_k8s_io/sig-storage/livenessprobe@sha256:46d49c253974e39dade176e45cccec758311aeebaf2cb42bc70508ca1782a12f
2024-08-07T22:40:01,FED-CIV-hxm-usdod,PROD,29,sha256:9c616251ff6ea0aeaa47b3a698328c53f85a958f6660a8f816bce4724b2081b0,us-central1-docker.pkg.dev/gardener-fed/public/registry_k8s_io/provider-aws/aws-ebs-csi-driver@sha256:778fc11b107f4f201d3bf5fdf9339d85d825e28b970e56cc709275905c7c23b8
2024-08-07T22:40:01,FED-CIV-hxm-usdod,PROD,29,sha256:b562068c372ca0bcd36b92ba853fd947c2d5bf20d9a63973fad82eec8e679278,us-central1-docker.pkg.dev/gardener-fed/public/europe-docker_pkg_dev/gardener-project/releases/3rd/envoyproxy/envoy-distroless@sha256:c948f2c1c88cd4d16fae5157b00b0abaf282d7640ebfbe4e5a0a7c777f39cc2b
2024-08-07T22:40:01,FED-CIV-hxm-usdod,PROD,6,sha256:b7c8e5e285c0a247776882de8af0895b1e46bab32e7a1090e43e7fbb845bac50,registry.k8s.io/ingress-nginx/controller@sha256:54f7fe2c6c5a9db9a0ebf1131797109bb7a4d91f56b9b362bde2abd237dd1974
2024-08-07T22:40:01,FED-CIV-hxm-usdod,PROD,2,sha256:ba2fb035feaffd33077d540b2d07e8880991531a4f34778bdefbf85756c5b70f,us-central1-docker.pkg.dev/gardener-fed/public/registry_k8s_io/cpa/cpvpa@sha256:718f252d47f13e9d47f0b9b51adbff72f43329602d3567cdf7f2c78d51505692
2024-08-07T22:40:01,FED-CIV-hxm-usdod,PROD,58,sha256:c5a633582e28c08afc2c5823a58e658319f2f7a226404536175e2559b258d433,us-central1-docker.pkg.dev/gardener-fed/public/europe-docker_pkg_dev/gardener-project/releases/gardener/apiserver-proxy@sha256:f1193a57ff9c0a819103fe7f29db97eed8449acffebebd73359d36a67740f3c8
2024-08-07T22:40:01,FED-CIV-hxm-usdod,PROD,2,sha256:c7a2d3856ba859193c4a9f6804a154d56143cd0cd47694b4c791a9c407cdc0a4,us-central1-docker.pkg.dev/gardener-fed/public/quay_io/calico/typha@sha256:8ed6daae83c1edde67dc4e2769ad765acc429b194307f9a37820c1fee5a622c3
2024-08-07T22:40:01,FED-CIV-hxm-usdod,PROD,29,sha256:d1c135fe4200b154484c74a57b47da02d3269fbf1cb478c361acf3b5e9d20159,us-central1-docker.pkg.dev/gardener-fed/public/registry_k8s_io/node-problem-detector/node-problem-detector@sha256:825d0b54f0a26df31352e23d99daf4ef1aa4fb4a34e623b30d17003d6a0f4168
2024-08-07T22:40:01,FED-CIV-hxm-usdod,PROD,58,sha256:d9e865a98612b3f13d05c0f4a59880fbac8dd79a54ab54bc81f120f146939dec,us-central1-docker.pkg.dev/gardener-fed/public/registry_k8s_io/kube-proxy@sha256:d5bc3af7a5860663ad32ed05a958ebbada50c1072014c372530db9c3f4fc371a
2024-08-07T22:40:01,FED-CIV-hxm-usdod,PROD,1,sha256:ea9a7c7ec103bfe4330344a820d3d3cec478a26e84eff236d75d1536c98736a6,us-central1-docker.pkg.dev/gardener-fed/public/quay_io/calico/kube-controllers@sha256:76063472f9f3d5c3755ee61db71c2ac91c2784fc474f64acf7faea893863af82
2024-08-07T22:40:01,FED-CIV-hxm-usdod,PROD,29,sha256:fb3de96682abfbcb9b7df44e9434a996f74afd501d0b36aa174be89f8dbc888e,us-central1-docker.pkg.dev/gardener-fed/public/quay_io/prometheus/node-exporter@sha256:a657ac0426c383a172a9c515898905f630221a06906f683a0eee8a3dc5eb1dd1
2024-08-07T22:40:01,FED-CIV-hxm-usdod,PROD,29,us-central1-docker.pkg.dev/gardener-fed/gardener-components/gardener-containers/nessus-agent-distroless:10.3.2,us-central1-docker.pkg.dev/gardener-fed/gardener-components/gardener-containers/nessus-agent-distroless@sha256:c8bfe3ebfda26f561450042e18454b1895340ce3f48494ae3777b792cb68b5ef